<?xml version="1.0" encoding="UTF-8"?>
<!-- Generated by org.testng.reporters.JUnitReportReporter -->
<testsuite hostname="LAPTOP-GHF851IF" failures="0" tests="5" name="testscases.LoginTest" time="69.426" errors="0" timestamp="2023-11-06T15:24:06 ICT" skipped="0">
  <testcase classname="testscases.LoginTest" name="loginUnsuccessfullyWithEmptyPassword" time="13.336"/>
  <testcase classname="testscases.LoginTest" name="loginSuccessfullyWithStandardUser" time="4.123"/>
  <testcase classname="testscases.LoginTest" name="loginUnsuccessfullyWithWrongUser" time="14.838"/>
  <testcase classname="testscases.LoginTest" name="loginUnsuccessfullyWithEmptyUser" time="21.961"/>
  <testcase classname="testscases.LoginTest" name="loginUnsuccessfullyWithWrongPassword" time="15.168"/>
</testsuite> <!-- testscases.LoginTest -->
