<?xml version="1.0" encoding="UTF-8"?>
<!-- Generated by org.testng.reporters.JUnitReportReporter -->
<testsuite hostname="LAPTOP-GHF851IF" failures="0" tests="5" name="testscases.LoginTest" time="108.994" errors="0" timestamp="2023-11-10T10:22:18 ICT" skipped="0">
  <testcase classname="testscases.LoginTest" name="loginSuccessfullyWithStandardUser" time="22.576"/>
  <testcase classname="testscases.LoginTest" name="loginUnsuccessfullyWithWrongPassword" time="13.908"/>
  <testcase classname="testscases.LoginTest" name="loginUnsuccessfullyWithWrongUser" time="19.606"/>
  <testcase classname="testscases.LoginTest" name="loginUnsuccessfullyWithEmptyPassword" time="17.229"/>
  <testcase classname="testscases.LoginTest" name="loginUnsuccessfullyWithEmptyUser" time="35.675"/>
</testsuite> <!-- testscases.LoginTest -->
