<?xml version="1.0" encoding="UTF-8"?>
<!-- Generated by org.testng.reporters.JUnitReportReporter -->
<testsuite hostname="LAPTOP-GHF851IF" failures="0" tests="2" name="testscases.HomePageComponentTest" time="10.203" errors="0" timestamp="2023-07-28T14:06:23 ICT" skipped="0">
  <testcase classname="testscases.HomePageComponentTest" name="addItemToCart" time="6.546"/>
  <testcase classname="testscases.HomePageComponentTest" name="burgerBtnItemList" time="3.657"/>
</testsuite> <!-- testscases.HomePageComponentTest -->
